
*** Running vivado
    with args -log top.vds -m64 -product Vivado -mode batch -messageDb vivado.pb -notrace -source top.tcl


****** Vivado v2020.2 (64-bit)
  **** SW Build 3064766 on Wed Nov 18 09:12:47 MST 2020
  **** IP Build 3064653 on Wed Nov 18 14:17:31 MST 2020
    ** Copyright 1986-2020 Xilinx, Inc. All Rights Reserved.

source top.tcl -notrace
Command: synth_design -top top -part xc7a35ticpg236-1L
Starting synth_design
Attempting to get a license for feature 'Synthesis' and/or device 'xc7a35ti'
INFO: [Common 17-349] Got license for feature 'Synthesis' and/or device 'xc7a35ti'
INFO: [Device 21-403] Loading part xc7a35ticpg236-1L
INFO: [Synth 8-7079] Multithreading enabled for synth_design using a maximum of 4 processes.
INFO: [Synth 8-7078] Launching helper process for spawning children vivado processes
INFO: [Synth 8-7075] Helper process launched with PID 39312
---------------------------------------------------------------------------------
Starting RTL Elaboration : Time (s): cpu = 00:00:01 ; elapsed = 00:00:02 . Memory (MB): peak = 2372.598 ; gain = 0.000 ; free physical = 4211 ; free virtual = 10923
---------------------------------------------------------------------------------
INFO: [Synth 8-6157] synthesizing module 'top' [/nfs/nfs2/home/mawlorch/demultiplexer/demultiplexer.srcs/sources_1/new/top.sv:3]
INFO: [Synth 8-6157] synthesizing module 'demux' [/nfs/nfs2/home/mawlorch/demultiplexer/demultiplexer.srcs/sources_1/new/demux.sv:1]
INFO: [Synth 8-6157] synthesizing module 'decoder' [/nfs/nfs2/home/mawlorch/demultiplexer/demultiplexer.srcs/sources_1/new/decoder.sv:1]
INFO: [Synth 8-6155] done synthesizing module 'decoder' (1#1) [/nfs/nfs2/home/mawlorch/demultiplexer/demultiplexer.srcs/sources_1/new/decoder.sv:1]
INFO: [Synth 8-6155] done synthesizing module 'demux' (2#1) [/nfs/nfs2/home/mawlorch/demultiplexer/demultiplexer.srcs/sources_1/new/demux.sv:1]
INFO: [Synth 8-6155] done synthesizing module 'top' (3#1) [/nfs/nfs2/home/mawlorch/demultiplexer/demultiplexer.srcs/sources_1/new/top.sv:3]
---------------------------------------------------------------------------------
Finished RTL Elaboration : Time (s): cpu = 00:00:02 ; elapsed = 00:00:02 . Memory (MB): peak = 2372.598 ; gain = 0.000 ; free physical = 3979 ; free virtual = 10690
---------------------------------------------------------------------------------
---------------------------------------------------------------------------------
Start Handling Custom Attributes
---------------------------------------------------------------------------------
---------------------------------------------------------------------------------
Finished Handling Custom Attributes : Time (s): cpu = 00:00:02 ; elapsed = 00:00:03 . Memory (MB): peak = 2372.598 ; gain = 0.000 ; free physical = 4635 ; free virtual = 11347
---------------------------------------------------------------------------------
---------------------------------------------------------------------------------
Finished RTL Optimization Phase 1 : Time (s): cpu = 00:00:02 ; elapsed = 00:00:03 . Memory (MB): peak = 2372.598 ; gain = 0.000 ; free physical = 4635 ; free virtual = 11347
---------------------------------------------------------------------------------
Netlist sorting complete. Time (s): cpu = 00:00:00 ; elapsed = 00:00:00 . Memory (MB): peak = 2372.598 ; gain = 0.000 ; free physical = 4635 ; free virtual = 11347
INFO: [Project 1-570] Preparing netlist for logic optimization

Processing XDC Constraints
Initializing timing engine
Parsing XDC File [/nfs/nfs2/home/mawlorch/demultiplexer/demultiplexer.srcs/constrs_1/new/demux_3_8.xdc]
WARNING: [Vivado 12-584] No ports matched 'c'. [/nfs/nfs2/home/mawlorch/demultiplexer/demultiplexer.srcs/constrs_1/new/demux_3_8.xdc:12]
CRITICAL WARNING: [Common 17-55] 'set_property' expects at least one object. [/nfs/nfs2/home/mawlorch/demultiplexer/demultiplexer.srcs/constrs_1/new/demux_3_8.xdc:12]
Resolution: If [get_<value>] was used to populate the object, check to make sure this command returns at least one valid object.
WARNING: [Vivado 12-584] No ports matched 'c'. [/nfs/nfs2/home/mawlorch/demultiplexer/demultiplexer.srcs/constrs_1/new/demux_3_8.xdc:13]
CRITICAL WARNING: [Common 17-55] 'set_property' expects at least one object. [/nfs/nfs2/home/mawlorch/demultiplexer/demultiplexer.srcs/constrs_1/new/demux_3_8.xdc:13]
Resolution: If [get_<value>] was used to populate the object, check to make sure this command returns at least one valid object.
WARNING: [Vivado 12-584] No ports matched 'b'. [/nfs/nfs2/home/mawlorch/demultiplexer/demultiplexer.srcs/constrs_1/new/demux_3_8.xdc:14]
CRITICAL WARNING: [Common 17-55] 'set_property' expects at least one object. [/nfs/nfs2/home/mawlorch/demultiplexer/demultiplexer.srcs/constrs_1/new/demux_3_8.xdc:14]
Resolution: If [get_<value>] was used to populate the object, check to make sure this command returns at least one valid object.
WARNING: [Vivado 12-584] No ports matched 'b'. [/nfs/nfs2/home/mawlorch/demultiplexer/demultiplexer.srcs/constrs_1/new/demux_3_8.xdc:15]
CRITICAL WARNING: [Common 17-55] 'set_property' expects at least one object. [/nfs/nfs2/home/mawlorch/demultiplexer/demultiplexer.srcs/constrs_1/new/demux_3_8.xdc:15]
Resolution: If [get_<value>] was used to populate the object, check to make sure this command returns at least one valid object.
WARNING: [Vivado 12-584] No ports matched 'a'. [/nfs/nfs2/home/mawlorch/demultiplexer/demultiplexer.srcs/constrs_1/new/demux_3_8.xdc:16]
CRITICAL WARNING: [Common 17-55] 'set_property' expects at least one object. [/nfs/nfs2/home/mawlorch/demultiplexer/demultiplexer.srcs/constrs_1/new/demux_3_8.xdc:16]
Resolution: If [get_<value>] was used to populate the object, check to make sure this command returns at least one valid object.
WARNING: [Vivado 12-584] No ports matched 'a'. [/nfs/nfs2/home/mawlorch/demultiplexer/demultiplexer.srcs/constrs_1/new/demux_3_8.xdc:17]
CRITICAL WARNING: [Common 17-55] 'set_property' expects at least one object. [/nfs/nfs2/home/mawlorch/demultiplexer/demultiplexer.srcs/constrs_1/new/demux_3_8.xdc:17]
Resolution: If [get_<value>] was used to populate the object, check to make sure this command returns at least one valid object.
WARNING: [Vivado 12-584] No ports matched 'd0'. [/nfs/nfs2/home/mawlorch/demultiplexer/demultiplexer.srcs/constrs_1/new/demux_3_8.xdc:47]
CRITICAL WARNING: [Common 17-55] 'set_property' expects at least one object. [/nfs/nfs2/home/mawlorch/demultiplexer/demultiplexer.srcs/constrs_1/new/demux_3_8.xdc:47]
Resolution: If [get_<value>] was used to populate the object, check to make sure this command returns at least one valid object.
WARNING: [Vivado 12-584] No ports matched 'd0'. [/nfs/nfs2/home/mawlorch/demultiplexer/demultiplexer.srcs/constrs_1/new/demux_3_8.xdc:48]
CRITICAL WARNING: [Common 17-55] 'set_property' expects at least one object. [/nfs/nfs2/home/mawlorch/demultiplexer/demultiplexer.srcs/constrs_1/new/demux_3_8.xdc:48]
Resolution: If [get_<value>] was used to populate the object, check to make sure this command returns at least one valid object.
WARNING: [Vivado 12-584] No ports matched 'd1'. [/nfs/nfs2/home/mawlorch/demultiplexer/demultiplexer.srcs/constrs_1/new/demux_3_8.xdc:49]
CRITICAL WARNING: [Common 17-55] 'set_property' expects at least one object. [/nfs/nfs2/home/mawlorch/demultiplexer/demultiplexer.srcs/constrs_1/new/demux_3_8.xdc:49]
Resolution: If [get_<value>] was used to populate the object, check to make sure this command returns at least one valid object.
WARNING: [Vivado 12-584] No ports matched 'd1'. [/nfs/nfs2/home/mawlorch/demultiplexer/demultiplexer.srcs/constrs_1/new/demux_3_8.xdc:50]
CRITICAL WARNING: [Common 17-55] 'set_property' expects at least one object. [/nfs/nfs2/home/mawlorch/demultiplexer/demultiplexer.srcs/constrs_1/new/demux_3_8.xdc:50]
Resolution: If [get_<value>] was used to populate the object, check to make sure this command returns at least one valid object.
WARNING: [Vivado 12-584] No ports matched 'd2'. [/nfs/nfs2/home/mawlorch/demultiplexer/demultiplexer.srcs/constrs_1/new/demux_3_8.xdc:51]
CRITICAL WARNING: [Common 17-55] 'set_property' expects at least one object. [/nfs/nfs2/home/mawlorch/demultiplexer/demultiplexer.srcs/constrs_1/new/demux_3_8.xdc:51]
Resolution: If [get_<value>] was used to populate the object, check to make sure this command returns at least one valid object.
WARNING: [Vivado 12-584] No ports matched 'd2'. [/nfs/nfs2/home/mawlorch/demultiplexer/demultiplexer.srcs/constrs_1/new/demux_3_8.xdc:52]
CRITICAL WARNING: [Common 17-55] 'set_property' expects at least one object. [/nfs/nfs2/home/mawlorch/demultiplexer/demultiplexer.srcs/constrs_1/new/demux_3_8.xdc:52]
Resolution: If [get_<value>] was used to populate the object, check to make sure this command returns at least one valid object.
WARNING: [Vivado 12-584] No ports matched 'd3'. [/nfs/nfs2/home/mawlorch/demultiplexer/demultiplexer.srcs/constrs_1/new/demux_3_8.xdc:53]
CRITICAL WARNING: [Common 17-55] 'set_property' expects at least one object. [/nfs/nfs2/home/mawlorch/demultiplexer/demultiplexer.srcs/constrs_1/new/demux_3_8.xdc:53]
Resolution: If [get_<value>] was used to populate the object, check to make sure this command returns at least one valid object.
WARNING: [Vivado 12-584] No ports matched 'd3'. [/nfs/nfs2/home/mawlorch/demultiplexer/demultiplexer.srcs/constrs_1/new/demux_3_8.xdc:54]
CRITICAL WARNING: [Common 17-55] 'set_property' expects at least one object. [/nfs/nfs2/home/mawlorch/demultiplexer/demultiplexer.srcs/constrs_1/new/demux_3_8.xdc:54]
Resolution: If [get_<value>] was used to populate the object, check to make sure this command returns at least one valid object.
WARNING: [Vivado 12-584] No ports matched 'd4'. [/nfs/nfs2/home/mawlorch/demultiplexer/demultiplexer.srcs/constrs_1/new/demux_3_8.xdc:55]
CRITICAL WARNING: [Common 17-55] 'set_property' expects at least one object. [/nfs/nfs2/home/mawlorch/demultiplexer/demultiplexer.srcs/constrs_1/new/demux_3_8.xdc:55]
Resolution: If [get_<value>] was used to populate the object, check to make sure this command returns at least one valid object.
WARNING: [Vivado 12-584] No ports matched 'd4'. [/nfs/nfs2/home/mawlorch/demultiplexer/demultiplexer.srcs/constrs_1/new/demux_3_8.xdc:56]
CRITICAL WARNING: [Common 17-55] 'set_property' expects at least one object. [/nfs/nfs2/home/mawlorch/demultiplexer/demultiplexer.srcs/constrs_1/new/demux_3_8.xdc:56]
Resolution: If [get_<value>] was used to populate the object, check to make sure this command returns at least one valid object.
WARNING: [Vivado 12-584] No ports matched 'd5'. [/nfs/nfs2/home/mawlorch/demultiplexer/demultiplexer.srcs/constrs_1/new/demux_3_8.xdc:57]
CRITICAL WARNING: [Common 17-55] 'set_property' expects at least one object. [/nfs/nfs2/home/mawlorch/demultiplexer/demultiplexer.srcs/constrs_1/new/demux_3_8.xdc:57]
Resolution: If [get_<value>] was used to populate the object, check to make sure this command returns at least one valid object.
WARNING: [Vivado 12-584] No ports matched 'd5'. [/nfs/nfs2/home/mawlorch/demultiplexer/demultiplexer.srcs/constrs_1/new/demux_3_8.xdc:58]
CRITICAL WARNING: [Common 17-55] 'set_property' expects at least one object. [/nfs/nfs2/home/mawlorch/demultiplexer/demultiplexer.srcs/constrs_1/new/demux_3_8.xdc:58]
Resolution: If [get_<value>] was used to populate the object, check to make sure this command returns at least one valid object.
WARNING: [Vivado 12-584] No ports matched 'd6'. [/nfs/nfs2/home/mawlorch/demultiplexer/demultiplexer.srcs/constrs_1/new/demux_3_8.xdc:59]
CRITICAL WARNING: [Common 17-55] 'set_property' expects at least one object. [/nfs/nfs2/home/mawlorch/demultiplexer/demultiplexer.srcs/constrs_1/new/demux_3_8.xdc:59]
Resolution: If [get_<value>] was used to populate the object, check to make sure this command returns at least one valid object.
WARNING: [Vivado 12-584] No ports matched 'd6'. [/nfs/nfs2/home/mawlorch/demultiplexer/demultiplexer.srcs/constrs_1/new/demux_3_8.xdc:60]
CRITICAL WARNING: [Common 17-55] 'set_property' expects at least one object. [/nfs/nfs2/home/mawlorch/demultiplexer/demultiplexer.srcs/constrs_1/new/demux_3_8.xdc:60]
Resolution: If [get_<value>] was used to populate the object, check to make sure this command returns at least one valid object.
WARNING: [Vivado 12-584] No ports matched 'd7'. [/nfs/nfs2/home/mawlorch/demultiplexer/demultiplexer.srcs/constrs_1/new/demux_3_8.xdc:61]
CRITICAL WARNING: [Common 17-55] 'set_property' expects at least one object. [/nfs/nfs2/home/mawlorch/demultiplexer/demultiplexer.srcs/constrs_1/new/demux_3_8.xdc:61]
Resolution: If [get_<value>] was used to populate the object, check to make sure this command returns at least one valid object.
WARNING: [Vivado 12-584] No ports matched 'd7'. [/nfs/nfs2/home/mawlorch/demultiplexer/demultiplexer.srcs/constrs_1/new/demux_3_8.xdc:62]
CRITICAL WARNING: [Common 17-55] 'set_property' expects at least one object. [/nfs/nfs2/home/mawlorch/demultiplexer/demultiplexer.srcs/constrs_1/new/demux_3_8.xdc:62]
Resolution: If [get_<value>] was used to populate the object, check to make sure this command returns at least one valid object.
Finished Parsing XDC File [/nfs/nfs2/home/mawlorch/demultiplexer/demultiplexer.srcs/constrs_1/new/demux_3_8.xdc]
Parsing XDC File [/nfs/nfs2/home/mawlorch/demultiplexer/demultiplexer.srcs/constrs_1/new/top_const.xdc]
WARNING: [Vivado 12-584] No ports matched 'CLK100MHZ'. [/nfs/nfs2/home/mawlorch/demultiplexer/demultiplexer.srcs/constrs_1/new/top_const.xdc:7]
CRITICAL WARNING: [Common 17-55] 'set_property' expects at least one object. [/nfs/nfs2/home/mawlorch/demultiplexer/demultiplexer.srcs/constrs_1/new/top_const.xdc:7]
Resolution: If [get_<value>] was used to populate the object, check to make sure this command returns at least one valid object.
WARNING: [Vivado 12-584] No ports matched 'CLK100MHZ'. [/nfs/nfs2/home/mawlorch/demultiplexer/demultiplexer.srcs/constrs_1/new/top_const.xdc:8]
CRITICAL WARNING: [Common 17-55] 'set_property' expects at least one object. [/nfs/nfs2/home/mawlorch/demultiplexer/demultiplexer.srcs/constrs_1/new/top_const.xdc:8]
Resolution: If [get_<value>] was used to populate the object, check to make sure this command returns at least one valid object.
WARNING: [Vivado 12-584] No ports matched 'CLK100MHZ'. [/nfs/nfs2/home/mawlorch/demultiplexer/demultiplexer.srcs/constrs_1/new/top_const.xdc:9]
CRITICAL WARNING: [Vivado 12-4739] create_clock:No valid object(s) found for '-objects [get_ports CLK100MHZ]'. [/nfs/nfs2/home/mawlorch/demultiplexer/demultiplexer.srcs/constrs_1/new/top_const.xdc:9]
Resolution: Check if the specified object(s) exists in the current design. If it does, ensure that the correct design hierarchy was specified for the object. If you are working with clocks, make sure create_clock was used to create the clock object before it is referenced.
Finished Parsing XDC File [/nfs/nfs2/home/mawlorch/demultiplexer/demultiplexer.srcs/constrs_1/new/top_const.xdc]
INFO: [Project 1-236] Implementation specific constraints were found while reading constraint file [/nfs/nfs2/home/mawlorch/demultiplexer/demultiplexer.srcs/constrs_1/new/top_const.xdc]. These constraints will be ignored for synthesis but will be used in implementation. Impacted constraints are listed in the file [.Xil/top_propImpl.xdc].
Resolution: To avoid this warning, move constraints listed in [.Xil/top_propImpl.xdc] to another XDC file and exclude this new file from synthesis with the used_in_synthesis property (File Properties dialog in GUI) and re-run elaboration/synthesis.
Completed Processing XDC Constraints

Netlist sorting complete. Time (s): cpu = 00:00:00 ; elapsed = 00:00:00 . Memory (MB): peak = 2454.520 ; gain = 0.000 ; free physical = 4647 ; free virtual = 11359
INFO: [Project 1-111] Unisim Transformation Summary:
No Unisim elements were transformed.

Constraint Validation Runtime : Time (s): cpu = 00:00:00 ; elapsed = 00:00:00.01 . Memory (MB): peak = 2454.520 ; gain = 0.000 ; free physical = 4647 ; free virtual = 11359
---------------------------------------------------------------------------------
Finished Constraint Validation : Time (s): cpu = 00:00:04 ; elapsed = 00:00:06 . Memory (MB): peak = 2454.520 ; gain = 81.922 ; free physical = 4677 ; free virtual = 11389
---------------------------------------------------------------------------------
---------------------------------------------------------------------------------
Start Loading Part and Timing Information
---------------------------------------------------------------------------------
Loading part: xc7a35ticpg236-1L
---------------------------------------------------------------------------------
Finished Loading Part and Timing Information : Time (s): cpu = 00:00:04 ; elapsed = 00:00:06 . Memory (MB): peak = 2454.520 ; gain = 81.922 ; free physical = 4677 ; free virtual = 11389
---------------------------------------------------------------------------------
---------------------------------------------------------------------------------
Start Applying 'set_property' XDC Constraints
---------------------------------------------------------------------------------
---------------------------------------------------------------------------------
Finished applying 'set_property' XDC Constraints : Time (s): cpu = 00:00:04 ; elapsed = 00:00:06 . Memory (MB): peak = 2454.520 ; gain = 81.922 ; free physical = 4677 ; free virtual = 11389
---------------------------------------------------------------------------------
---------------------------------------------------------------------------------
Finished RTL Optimization Phase 2 : Time (s): cpu = 00:00:04 ; elapsed = 00:00:06 . Memory (MB): peak = 2454.520 ; gain = 81.922 ; free physical = 4683 ; free virtual = 11395
---------------------------------------------------------------------------------
---------------------------------------------------------------------------------
Start RTL Component Statistics 
---------------------------------------------------------------------------------
Detailed RTL Component Info : 
---------------------------------------------------------------------------------
Finished RTL Component Statistics 
---------------------------------------------------------------------------------
---------------------------------------------------------------------------------
Start Part Resource Summary
---------------------------------------------------------------------------------
Part Resources:
DSPs: 90 (col length:60)
BRAMs: 100 (col length: RAMB18 60 RAMB36 30)
---------------------------------------------------------------------------------
Finished Part Resource Summary
---------------------------------------------------------------------------------
---------------------------------------------------------------------------------
Start Cross Boundary and Area Optimization
---------------------------------------------------------------------------------
---------------------------------------------------------------------------------
Finished Cross Boundary and Area Optimization : Time (s): cpu = 00:00:04 ; elapsed = 00:00:06 . Memory (MB): peak = 2454.520 ; gain = 81.922 ; free physical = 4715 ; free virtual = 11430
---------------------------------------------------------------------------------
---------------------------------------------------------------------------------
Start Applying XDC Timing Constraints
---------------------------------------------------------------------------------
---------------------------------------------------------------------------------
Finished Applying XDC Timing Constraints : Time (s): cpu = 00:00:07 ; elapsed = 00:00:09 . Memory (MB): peak = 2454.520 ; gain = 81.922 ; free physical = 4655 ; free virtual = 11371
---------------------------------------------------------------------------------
---------------------------------------------------------------------------------
Start Timing Optimization
---------------------------------------------------------------------------------
---------------------------------------------------------------------------------
Finished Timing Optimization : Time (s): cpu = 00:00:07 ; elapsed = 00:00:09 . Memory (MB): peak = 2454.520 ; gain = 81.922 ; free physical = 4655 ; free virtual = 11371
---------------------------------------------------------------------------------
---------------------------------------------------------------------------------
Start Technology Mapping
---------------------------------------------------------------------------------
---------------------------------------------------------------------------------
Finished Technology Mapping : Time (s): cpu = 00:00:07 ; elapsed = 00:00:09 . Memory (MB): peak = 2454.520 ; gain = 81.922 ; free physical = 4639 ; free virtual = 11355
---------------------------------------------------------------------------------
---------------------------------------------------------------------------------
Start IO Insertion
---------------------------------------------------------------------------------
---------------------------------------------------------------------------------
Start Flattening Before IO Insertion
---------------------------------------------------------------------------------
---------------------------------------------------------------------------------
Finished Flattening Before IO Insertion
---------------------------------------------------------------------------------
---------------------------------------------------------------------------------
Start Final Netlist Cleanup
---------------------------------------------------------------------------------
---------------------------------------------------------------------------------
Finished Final Netlist Cleanup
---------------------------------------------------------------------------------
---------------------------------------------------------------------------------
Finished IO Insertion : Time (s): cpu = 00:00:08 ; elapsed = 00:00:10 . Memory (MB): peak = 2454.520 ; gain = 81.922 ; free physical = 4646 ; free virtual = 11361
---------------------------------------------------------------------------------
---------------------------------------------------------------------------------
Start Renaming Generated Instances
---------------------------------------------------------------------------------
---------------------------------------------------------------------------------
Finished Renaming Generated Instances : Time (s): cpu = 00:00:08 ; elapsed = 00:00:10 . Memory (MB): peak = 2454.520 ; gain = 81.922 ; free physical = 4646 ; free virtual = 11361
---------------------------------------------------------------------------------
---------------------------------------------------------------------------------
Start Rebuilding User Hierarchy
---------------------------------------------------------------------------------
---------------------------------------------------------------------------------
Finished Rebuilding User Hierarchy : Time (s): cpu = 00:00:08 ; elapsed = 00:00:10 . Memory (MB): peak = 2454.520 ; gain = 81.922 ; free physical = 4646 ; free virtual = 11361
---------------------------------------------------------------------------------
---------------------------------------------------------------------------------
Start Renaming Generated Ports
---------------------------------------------------------------------------------
---------------------------------------------------------------------------------
Finished Renaming Generated Ports : Time (s): cpu = 00:00:08 ; elapsed = 00:00:10 . Memory (MB): peak = 2454.520 ; gain = 81.922 ; free physical = 4646 ; free virtual = 11361
---------------------------------------------------------------------------------
---------------------------------------------------------------------------------
Start Handling Custom Attributes
---------------------------------------------------------------------------------
---------------------------------------------------------------------------------
Finished Handling Custom Attributes : Time (s): cpu = 00:00:08 ; elapsed = 00:00:10 . Memory (MB): peak = 2454.520 ; gain = 81.922 ; free physical = 4646 ; free virtual = 11361
---------------------------------------------------------------------------------
---------------------------------------------------------------------------------
Start Renaming Generated Nets
---------------------------------------------------------------------------------
---------------------------------------------------------------------------------
Finished Renaming Generated Nets : Time (s): cpu = 00:00:08 ; elapsed = 00:00:10 . Memory (MB): peak = 2454.520 ; gain = 81.922 ; free physical = 4646 ; free virtual = 11361
---------------------------------------------------------------------------------
---------------------------------------------------------------------------------
Start Writing Synthesis Report
---------------------------------------------------------------------------------

Report BlackBoxes: 
+-+--------------+----------+
| |BlackBox name |Instances |
+-+--------------+----------+
+-+--------------+----------+

Report Cell Usage: 
+------+------+------+
|      |Cell  |Count |
+------+------+------+
|1     |LUT4  |     8|
|2     |IBUF  |     4|
|3     |OBUF  |     8|
|4     |OBUFT |     8|
+------+------+------+
---------------------------------------------------------------------------------
Finished Writing Synthesis Report : Time (s): cpu = 00:00:08 ; elapsed = 00:00:10 . Memory (MB): peak = 2454.520 ; gain = 81.922 ; free physical = 4646 ; free virtual = 11361
---------------------------------------------------------------------------------
Synthesis finished with 0 errors, 0 critical warnings and 0 warnings.
Synthesis Optimization Runtime : Time (s): cpu = 00:00:07 ; elapsed = 00:00:09 . Memory (MB): peak = 2454.520 ; gain = 0.000 ; free physical = 4646 ; free virtual = 11361
Synthesis Optimization Complete : Time (s): cpu = 00:00:08 ; elapsed = 00:00:10 . Memory (MB): peak = 2454.520 ; gain = 81.922 ; free physical = 4646 ; free virtual = 11361
INFO: [Project 1-571] Translating synthesized netlist
Netlist sorting complete. Time (s): cpu = 00:00:00 ; elapsed = 00:00:00 . Memory (MB): peak = 2454.520 ; gain = 0.000 ; free physical = 4723 ; free virtual = 11438
INFO: [Project 1-570] Preparing netlist for logic optimization
INFO: [Opt 31-138] Pushed 0 inverter(s) to 0 load pin(s).
Netlist sorting complete. Time (s): cpu = 00:00:00 ; elapsed = 00:00:00 . Memory (MB): peak = 2457.488 ; gain = 0.000 ; free physical = 4727 ; free virtual = 11442
INFO: [Project 1-111] Unisim Transformation Summary:
No Unisim elements were transformed.

INFO: [Common 17-83] Releasing license: Synthesis
19 Infos, 25 Warnings, 25 Critical Warnings and 0 Errors encountered.
synth_design completed successfully
synth_design: Time (s): cpu = 00:00:12 ; elapsed = 00:00:13 . Memory (MB): peak = 2457.488 ; gain = 84.891 ; free physical = 4867 ; free virtual = 11583
INFO: [runtcl-6] Synthesis results are not added to the cache due to CRITICAL_WARNING
INFO: [Common 17-1381] The checkpoint '/nfs/nfs2/home/mawlorch/demultiplexer/demultiplexer.runs/synth_1/top.dcp' has been generated.
INFO: [runtcl-4] Executing : report_utilization -file top_utilization_synth.rpt -pb top_utilization_synth.pb
INFO: [Common 17-206] Exiting Vivado at Tue Mar  3 12:24:32 2026...
