
*** Running vivado
    with args -log top.vdi -applog -m64 -product Vivado -messageDb vivado.pb -mode batch -source top.tcl -notrace


****** Vivado v2020.2 (64-bit)
  **** SW Build 3064766 on Wed Nov 18 09:12:47 MST 2020
  **** IP Build 3064653 on Wed Nov 18 14:17:31 MST 2020
    ** Copyright 1986-2020 Xilinx, Inc. All Rights Reserved.

source top.tcl -notrace
Command: link_design -top top -part xc7a35ticpg236-1L
Design is defaulting to srcset: sources_1
Design is defaulting to constrset: constrs_1
INFO: [Device 21-403] Loading part xc7a35ticpg236-1L
Netlist sorting complete. Time (s): cpu = 00:00:00 ; elapsed = 00:00:00 . Memory (MB): peak = 2372.668 ; gain = 0.000 ; free physical = 5169 ; free virtual = 11881
INFO: [Project 1-479] Netlist was created with Vivado 2020.2
INFO: [Project 1-570] Preparing netlist for logic optimization
Parsing XDC File [/nfs/nfs2/home/mawlorch/demultiplexer/demultiplexer.srcs/constrs_1/new/demux_3_8.xdc]
WARNING: [Vivado 12-584] No ports matched 'c'. [/nfs/nfs2/home/mawlorch/demultiplexer/demultiplexer.srcs/constrs_1/new/demux_3_8.xdc:12]
CRITICAL WARNING: [Common 17-55] 'set_property' expects at least one object. [/nfs/nfs2/home/mawlorch/demultiplexer/demultiplexer.srcs/constrs_1/new/demux_3_8.xdc:12]
Resolution: If [get_<value>] was used to populate the object, check to make sure this command returns at least one valid object.
WARNING: [Vivado 12-584] No ports matched 'c'. [/nfs/nfs2/home/mawlorch/demultiplexer/demultiplexer.srcs/constrs_1/new/demux_3_8.xdc:13]
CRITICAL WARNING: [Common 17-55] 'set_property' expects at least one object. [/nfs/nfs2/home/mawlorch/demultiplexer/demultiplexer.srcs/constrs_1/new/demux_3_8.xdc:13]
Resolution: If [get_<value>] was used to populate the object, check to make sure this command returns at least one valid object.
WARNING: [Vivado 12-584] No ports matched 'b'. [/nfs/nfs2/home/mawlorch/demultiplexer/demultiplexer.srcs/constrs_1/new/demux_3_8.xdc:14]
CRITICAL WARNING: [Common 17-55] 'set_property' expects at least one object. [/nfs/nfs2/home/mawlorch/demultiplexer/demultiplexer.srcs/constrs_1/new/demux_3_8.xdc:14]
Resolution: If [get_<value>] was used to populate the object, check to make sure this command returns at least one valid object.
WARNING: [Vivado 12-584] No ports matched 'b'. [/nfs/nfs2/home/mawlorch/demultiplexer/demultiplexer.srcs/constrs_1/new/demux_3_8.xdc:15]
CRITICAL WARNING: [Common 17-55] 'set_property' expects at least one object. [/nfs/nfs2/home/mawlorch/demultiplexer/demultiplexer.srcs/constrs_1/new/demux_3_8.xdc:15]
Resolution: If [get_<value>] was used to populate the object, check to make sure this command returns at least one valid object.
WARNING: [Vivado 12-584] No ports matched 'a'. [/nfs/nfs2/home/mawlorch/demultiplexer/demultiplexer.srcs/constrs_1/new/demux_3_8.xdc:16]
CRITICAL WARNING: [Common 17-55] 'set_property' expects at least one object. [/nfs/nfs2/home/mawlorch/demultiplexer/demultiplexer.srcs/constrs_1/new/demux_3_8.xdc:16]
Resolution: If [get_<value>] was used to populate the object, check to make sure this command returns at least one valid object.
WARNING: [Vivado 12-584] No ports matched 'a'. [/nfs/nfs2/home/mawlorch/demultiplexer/demultiplexer.srcs/constrs_1/new/demux_3_8.xdc:17]
CRITICAL WARNING: [Common 17-55] 'set_property' expects at least one object. [/nfs/nfs2/home/mawlorch/demultiplexer/demultiplexer.srcs/constrs_1/new/demux_3_8.xdc:17]
Resolution: If [get_<value>] was used to populate the object, check to make sure this command returns at least one valid object.
WARNING: [Vivado 12-584] No ports matched 'd0'. [/nfs/nfs2/home/mawlorch/demultiplexer/demultiplexer.srcs/constrs_1/new/demux_3_8.xdc:47]
CRITICAL WARNING: [Common 17-55] 'set_property' expects at least one object. [/nfs/nfs2/home/mawlorch/demultiplexer/demultiplexer.srcs/constrs_1/new/demux_3_8.xdc:47]
Resolution: If [get_<value>] was used to populate the object, check to make sure this command returns at least one valid object.
WARNING: [Vivado 12-584] No ports matched 'd0'. [/nfs/nfs2/home/mawlorch/demultiplexer/demultiplexer.srcs/constrs_1/new/demux_3_8.xdc:48]
CRITICAL WARNING: [Common 17-55] 'set_property' expects at least one object. [/nfs/nfs2/home/mawlorch/demultiplexer/demultiplexer.srcs/constrs_1/new/demux_3_8.xdc:48]
Resolution: If [get_<value>] was used to populate the object, check to make sure this command returns at least one valid object.
WARNING: [Vivado 12-584] No ports matched 'd1'. [/nfs/nfs2/home/mawlorch/demultiplexer/demultiplexer.srcs/constrs_1/new/demux_3_8.xdc:49]
CRITICAL WARNING: [Common 17-55] 'set_property' expects at least one object. [/nfs/nfs2/home/mawlorch/demultiplexer/demultiplexer.srcs/constrs_1/new/demux_3_8.xdc:49]
Resolution: If [get_<value>] was used to populate the object, check to make sure this command returns at least one valid object.
WARNING: [Vivado 12-584] No ports matched 'd1'. [/nfs/nfs2/home/mawlorch/demultiplexer/demultiplexer.srcs/constrs_1/new/demux_3_8.xdc:50]
CRITICAL WARNING: [Common 17-55] 'set_property' expects at least one object. [/nfs/nfs2/home/mawlorch/demultiplexer/demultiplexer.srcs/constrs_1/new/demux_3_8.xdc:50]
Resolution: If [get_<value>] was used to populate the object, check to make sure this command returns at least one valid object.
WARNING: [Vivado 12-584] No ports matched 'd2'. [/nfs/nfs2/home/mawlorch/demultiplexer/demultiplexer.srcs/constrs_1/new/demux_3_8.xdc:51]
CRITICAL WARNING: [Common 17-55] 'set_property' expects at least one object. [/nfs/nfs2/home/mawlorch/demultiplexer/demultiplexer.srcs/constrs_1/new/demux_3_8.xdc:51]
Resolution: If [get_<value>] was used to populate the object, check to make sure this command returns at least one valid object.
WARNING: [Vivado 12-584] No ports matched 'd2'. [/nfs/nfs2/home/mawlorch/demultiplexer/demultiplexer.srcs/constrs_1/new/demux_3_8.xdc:52]
CRITICAL WARNING: [Common 17-55] 'set_property' expects at least one object. [/nfs/nfs2/home/mawlorch/demultiplexer/demultiplexer.srcs/constrs_1/new/demux_3_8.xdc:52]
Resolution: If [get_<value>] was used to populate the object, check to make sure this command returns at least one valid object.
WARNING: [Vivado 12-584] No ports matched 'd3'. [/nfs/nfs2/home/mawlorch/demultiplexer/demultiplexer.srcs/constrs_1/new/demux_3_8.xdc:53]
CRITICAL WARNING: [Common 17-55] 'set_property' expects at least one object. [/nfs/nfs2/home/mawlorch/demultiplexer/demultiplexer.srcs/constrs_1/new/demux_3_8.xdc:53]
Resolution: If [get_<value>] was used to populate the object, check to make sure this command returns at least one valid object.
WARNING: [Vivado 12-584] No ports matched 'd3'. [/nfs/nfs2/home/mawlorch/demultiplexer/demultiplexer.srcs/constrs_1/new/demux_3_8.xdc:54]
CRITICAL WARNING: [Common 17-55] 'set_property' expects at least one object. [/nfs/nfs2/home/mawlorch/demultiplexer/demultiplexer.srcs/constrs_1/new/demux_3_8.xdc:54]
Resolution: If [get_<value>] was used to populate the object, check to make sure this command returns at least one valid object.
WARNING: [Vivado 12-584] No ports matched 'd4'. [/nfs/nfs2/home/mawlorch/demultiplexer/demultiplexer.srcs/constrs_1/new/demux_3_8.xdc:55]
CRITICAL WARNING: [Common 17-55] 'set_property' expects at least one object. [/nfs/nfs2/home/mawlorch/demultiplexer/demultiplexer.srcs/constrs_1/new/demux_3_8.xdc:55]
Resolution: If [get_<value>] was used to populate the object, check to make sure this command returns at least one valid object.
WARNING: [Vivado 12-584] No ports matched 'd4'. [/nfs/nfs2/home/mawlorch/demultiplexer/demultiplexer.srcs/constrs_1/new/demux_3_8.xdc:56]
CRITICAL WARNING: [Common 17-55] 'set_property' expects at least one object. [/nfs/nfs2/home/mawlorch/demultiplexer/demultiplexer.srcs/constrs_1/new/demux_3_8.xdc:56]
Resolution: If [get_<value>] was used to populate the object, check to make sure this command returns at least one valid object.
WARNING: [Vivado 12-584] No ports matched 'd5'. [/nfs/nfs2/home/mawlorch/demultiplexer/demultiplexer.srcs/constrs_1/new/demux_3_8.xdc:57]
CRITICAL WARNING: [Common 17-55] 'set_property' expects at least one object. [/nfs/nfs2/home/mawlorch/demultiplexer/demultiplexer.srcs/constrs_1/new/demux_3_8.xdc:57]
Resolution: If [get_<value>] was used to populate the object, check to make sure this command returns at least one valid object.
WARNING: [Vivado 12-584] No ports matched 'd5'. [/nfs/nfs2/home/mawlorch/demultiplexer/demultiplexer.srcs/constrs_1/new/demux_3_8.xdc:58]
CRITICAL WARNING: [Common 17-55] 'set_property' expects at least one object. [/nfs/nfs2/home/mawlorch/demultiplexer/demultiplexer.srcs/constrs_1/new/demux_3_8.xdc:58]
Resolution: If [get_<value>] was used to populate the object, check to make sure this command returns at least one valid object.
WARNING: [Vivado 12-584] No ports matched 'd6'. [/nfs/nfs2/home/mawlorch/demultiplexer/demultiplexer.srcs/constrs_1/new/demux_3_8.xdc:59]
CRITICAL WARNING: [Common 17-55] 'set_property' expects at least one object. [/nfs/nfs2/home/mawlorch/demultiplexer/demultiplexer.srcs/constrs_1/new/demux_3_8.xdc:59]
Resolution: If [get_<value>] was used to populate the object, check to make sure this command returns at least one valid object.
WARNING: [Vivado 12-584] No ports matched 'd6'. [/nfs/nfs2/home/mawlorch/demultiplexer/demultiplexer.srcs/constrs_1/new/demux_3_8.xdc:60]
CRITICAL WARNING: [Common 17-55] 'set_property' expects at least one object. [/nfs/nfs2/home/mawlorch/demultiplexer/demultiplexer.srcs/constrs_1/new/demux_3_8.xdc:60]
Resolution: If [get_<value>] was used to populate the object, check to make sure this command returns at least one valid object.
WARNING: [Vivado 12-584] No ports matched 'd7'. [/nfs/nfs2/home/mawlorch/demultiplexer/demultiplexer.srcs/constrs_1/new/demux_3_8.xdc:61]
CRITICAL WARNING: [Common 17-55] 'set_property' expects at least one object. [/nfs/nfs2/home/mawlorch/demultiplexer/demultiplexer.srcs/constrs_1/new/demux_3_8.xdc:61]
Resolution: If [get_<value>] was used to populate the object, check to make sure this command returns at least one valid object.
WARNING: [Vivado 12-584] No ports matched 'd7'. [/nfs/nfs2/home/mawlorch/demultiplexer/demultiplexer.srcs/constrs_1/new/demux_3_8.xdc:62]
CRITICAL WARNING: [Common 17-55] 'set_property' expects at least one object. [/nfs/nfs2/home/mawlorch/demultiplexer/demultiplexer.srcs/constrs_1/new/demux_3_8.xdc:62]
Resolution: If [get_<value>] was used to populate the object, check to make sure this command returns at least one valid object.
Finished Parsing XDC File [/nfs/nfs2/home/mawlorch/demultiplexer/demultiplexer.srcs/constrs_1/new/demux_3_8.xdc]
Parsing XDC File [/nfs/nfs2/home/mawlorch/demultiplexer/demultiplexer.srcs/constrs_1/new/top_const.xdc]
WARNING: [Vivado 12-584] No ports matched 'CLK100MHZ'. [/nfs/nfs2/home/mawlorch/demultiplexer/demultiplexer.srcs/constrs_1/new/top_const.xdc:7]
CRITICAL WARNING: [Common 17-55] 'set_property' expects at least one object. [/nfs/nfs2/home/mawlorch/demultiplexer/demultiplexer.srcs/constrs_1/new/top_const.xdc:7]
Resolution: If [get_<value>] was used to populate the object, check to make sure this command returns at least one valid object.
WARNING: [Vivado 12-584] No ports matched 'CLK100MHZ'. [/nfs/nfs2/home/mawlorch/demultiplexer/demultiplexer.srcs/constrs_1/new/top_const.xdc:8]
CRITICAL WARNING: [Common 17-55] 'set_property' expects at least one object. [/nfs/nfs2/home/mawlorch/demultiplexer/demultiplexer.srcs/constrs_1/new/top_const.xdc:8]
Resolution: If [get_<value>] was used to populate the object, check to make sure this command returns at least one valid object.
WARNING: [Vivado 12-584] No ports matched 'CLK100MHZ'. [/nfs/nfs2/home/mawlorch/demultiplexer/demultiplexer.srcs/constrs_1/new/top_const.xdc:9]
CRITICAL WARNING: [Vivado 12-4739] create_clock:No valid object(s) found for '-objects [get_ports CLK100MHZ]'. [/nfs/nfs2/home/mawlorch/demultiplexer/demultiplexer.srcs/constrs_1/new/top_const.xdc:9]
Resolution: Check if the specified object(s) exists in the current design. If it does, ensure that the correct design hierarchy was specified for the object. If you are working with clocks, make sure create_clock was used to create the clock object before it is referenced.
Finished Parsing XDC File [/nfs/nfs2/home/mawlorch/demultiplexer/demultiplexer.srcs/constrs_1/new/top_const.xdc]
INFO: [Opt 31-138] Pushed 0 inverter(s) to 0 load pin(s).
Netlist sorting complete. Time (s): cpu = 00:00:00 ; elapsed = 00:00:00 . Memory (MB): peak = 2426.742 ; gain = 0.000 ; free physical = 5073 ; free virtual = 11785
INFO: [Project 1-111] Unisim Transformation Summary:
No Unisim elements were transformed.

5 Infos, 25 Warnings, 25 Critical Warnings and 0 Errors encountered.
link_design completed successfully
Command: opt_design
Attempting to get a license for feature 'Implementation' and/or device 'xc7a35ti'
INFO: [Common 17-349] Got license for feature 'Implementation' and/or device 'xc7a35ti'
Running DRC as a precondition to command opt_design

Starting DRC Task
INFO: [DRC 23-27] Running DRC with 8 threads
INFO: [Project 1-461] DRC finished with 0 Errors
INFO: [Project 1-462] Please refer to the DRC report (report_drc) for more information.

Time (s): cpu = 00:00:00.55 ; elapsed = 00:00:00.42 . Memory (MB): peak = 2490.773 ; gain = 64.031 ; free physical = 5047 ; free virtual = 11759

Starting Cache Timing Information Task
INFO: [Timing 38-35] Done setting XDC timing constraints.
Ending Cache Timing Information Task | Checksum: 1c9096f81

Time (s): cpu = 00:00:03 ; elapsed = 00:00:03 . Memory (MB): peak = 2698.727 ; gain = 207.953 ; free physical = 4654 ; free virtual = 11366

Starting Logic Optimization Task

Phase 1 Retarget
INFO: [Opt 31-138] Pushed 0 inverter(s) to 0 load pin(s).
INFO: [Opt 31-49] Retargeted 0 cell(s).
Phase 1 Retarget | Checksum: 1c9096f81

Time (s): cpu = 00:00:00.01 ; elapsed = 00:00:00.01 . Memory (MB): peak = 2870.664 ; gain = 0.000 ; free physical = 4493 ; free virtual = 11205
INFO: [Opt 31-389] Phase Retarget created 0 cells and removed 0 cells

Phase 2 Constant propagation
INFO: [Opt 31-138] Pushed 0 inverter(s) to 0 load pin(s).
Phase 2 Constant propagation | Checksum: 1c9096f81

Time (s): cpu = 00:00:00.01 ; elapsed = 00:00:00.01 . Memory (MB): peak = 2870.664 ; gain = 0.000 ; free physical = 4493 ; free virtual = 11205
INFO: [Opt 31-389] Phase Constant propagation created 0 cells and removed 0 cells

Phase 3 Sweep
Phase 3 Sweep | Checksum: 1c9096f81

Time (s): cpu = 00:00:00.01 ; elapsed = 00:00:00.01 . Memory (MB): peak = 2870.664 ; gain = 0.000 ; free physical = 4493 ; free virtual = 11205
INFO: [Opt 31-389] Phase Sweep created 0 cells and removed 0 cells

Phase 4 BUFG optimization
Phase 4 BUFG optimization | Checksum: 1c9096f81

Time (s): cpu = 00:00:00.01 ; elapsed = 00:00:00.01 . Memory (MB): peak = 2870.664 ; gain = 0.000 ; free physical = 4493 ; free virtual = 11205
INFO: [Opt 31-662] Phase BUFG optimization created 0 cells of which 0 are BUFGs and removed 0 cells.

Phase 5 Shift Register Optimization
INFO: [Opt 31-1064] SRL Remap converted 0 SRLs to 0 registers and converted 0 registers of register chains to 0 SRLs
Phase 5 Shift Register Optimization | Checksum: 1c9096f81

Time (s): cpu = 00:00:00.01 ; elapsed = 00:00:00.01 . Memory (MB): peak = 2870.664 ; gain = 0.000 ; free physical = 4493 ; free virtual = 11205
INFO: [Opt 31-389] Phase Shift Register Optimization created 0 cells and removed 0 cells

Phase 6 Post Processing Netlist
Phase 6 Post Processing Netlist | Checksum: 1c9096f81

Time (s): cpu = 00:00:00.01 ; elapsed = 00:00:00.01 . Memory (MB): peak = 2870.664 ; gain = 0.000 ; free physical = 4493 ; free virtual = 11205
INFO: [Opt 31-389] Phase Post Processing Netlist created 0 cells and removed 0 cells
Opt_design Change Summary
=========================


-------------------------------------------------------------------------------------------------------------------------
|  Phase                        |  #Cells created  |  #Cells Removed  |  #Constrained objects preventing optimizations  |
-------------------------------------------------------------------------------------------------------------------------
|  Retarget                     |               0  |               0  |                                              0  |
|  Constant propagation         |               0  |               0  |                                              0  |
|  Sweep                        |               0  |               0  |                                              0  |
|  BUFG optimization            |               0  |               0  |                                              0  |
|  Shift Register Optimization  |               0  |               0  |                                              0  |
|  Post Processing Netlist      |               0  |               0  |                                              0  |
-------------------------------------------------------------------------------------------------------------------------



Starting Connectivity Check Task

Time (s): cpu = 00:00:00 ; elapsed = 00:00:00 . Memory (MB): peak = 2870.664 ; gain = 0.000 ; free physical = 4493 ; free virtual = 11205
Ending Logic Optimization Task | Checksum: 1c9096f81

Time (s): cpu = 00:00:00.01 ; elapsed = 00:00:00.01 . Memory (MB): peak = 2870.664 ; gain = 0.000 ; free physical = 4493 ; free virtual = 11205

Starting Power Optimization Task
INFO: [Pwropt 34-132] Skipping clock gating for clocks with a period < 2.00 ns.
Ending Power Optimization Task | Checksum: 1c9096f81

Time (s): cpu = 00:00:00.01 ; elapsed = 00:00:00.01 . Memory (MB): peak = 2870.664 ; gain = 0.000 ; free physical = 4493 ; free virtual = 11205

Starting Final Cleanup Task
Ending Final Cleanup Task | Checksum: 1c9096f81

Time (s): cpu = 00:00:00 ; elapsed = 00:00:00 . Memory (MB): peak = 2870.664 ; gain = 0.000 ; free physical = 4493 ; free virtual = 11205

Starting Netlist Obfuscation Task
Netlist sorting complete. Time (s): cpu = 00:00:00 ; elapsed = 00:00:00 . Memory (MB): peak = 2870.664 ; gain = 0.000 ; free physical = 4493 ; free virtual = 11205
Ending Netlist Obfuscation Task | Checksum: 1c9096f81

Time (s): cpu = 00:00:00 ; elapsed = 00:00:00 . Memory (MB): peak = 2870.664 ; gain = 0.000 ; free physical = 4493 ; free virtual = 11205
INFO: [Common 17-83] Releasing license: Implementation
22 Infos, 25 Warnings, 25 Critical Warnings and 0 Errors encountered.
opt_design completed successfully
INFO: [Timing 38-480] Writing timing data to binary archive.
Writing placer database...
Writing XDEF routing.
Writing XDEF routing logical nets.
Writing XDEF routing special nets.
Write XDEF Complete: Time (s): cpu = 00:00:00.01 ; elapsed = 00:00:00.05 . Memory (MB): peak = 2910.684 ; gain = 0.000 ; free physical = 4491 ; free virtual = 11204
INFO: [Common 17-1381] The checkpoint '/nfs/nfs2/home/mawlorch/demultiplexer/demultiplexer.runs/impl_1/top_opt.dcp' has been generated.
INFO: [runtcl-4] Executing : report_drc -file top_drc_opted.rpt -pb top_drc_opted.pb -rpx top_drc_opted.rpx
Command: report_drc -file top_drc_opted.rpt -pb top_drc_opted.pb -rpx top_drc_opted.rpx
INFO: [IP_Flow 19-234] Refreshing IP repositories
INFO: [IP_Flow 19-1704] No user IP repositories specified
INFO: [IP_Flow 19-2313] Loaded Vivado IP repository '/l/Xilinx_Vivado_SDK_Web_2020.2_1118_1232/Vivado/2020.2/data/ip'.
INFO: [Timing 38-35] Done setting XDC timing constraints.
INFO: [DRC 23-27] Running DRC with 8 threads
INFO: [Coretcl 2-168] The results of DRC are in file /nfs/nfs2/home/mawlorch/demultiplexer/demultiplexer.runs/impl_1/top_drc_opted.rpt.
report_drc completed successfully
Command: place_design
Attempting to get a license for feature 'Implementation' and/or device 'xc7a35ti'
INFO: [Common 17-349] Got license for feature 'Implementation' and/or device 'xc7a35ti'
INFO: [DRC 23-27] Running DRC with 8 threads
INFO: [Vivado_Tcl 4-198] DRC finished with 0 Errors
INFO: [Vivado_Tcl 4-199] Please refer to the DRC report (report_drc) for more information.
Running DRC as a precondition to command place_design
INFO: [DRC 23-27] Running DRC with 8 threads
INFO: [Vivado_Tcl 4-198] DRC finished with 0 Errors
INFO: [Vivado_Tcl 4-199] Please refer to the DRC report (report_drc) for more information.

Starting Placer Task
INFO: [Place 30-611] Multithreading enabled for place_design using a maximum of 8 CPUs

Phase 1 Placer Initialization

Phase 1.1 Placer Initialization Netlist Sorting
Netlist sorting complete. Time (s): cpu = 00:00:00 ; elapsed = 00:00:00 . Memory (MB): peak = 3083.773 ; gain = 0.000 ; free physical = 4412 ; free virtual = 11124
Phase 1.1 Placer Initialization Netlist Sorting | Checksum: 15d578020

Time (s): cpu = 00:00:00 ; elapsed = 00:00:00.01 . Memory (MB): peak = 3083.773 ; gain = 0.000 ; free physical = 4412 ; free virtual = 11124
Netlist sorting complete. Time (s): cpu = 00:00:00 ; elapsed = 00:00:00 . Memory (MB): peak = 3083.773 ; gain = 0.000 ; free physical = 4412 ; free virtual = 11124

Phase 1.2 IO Placement/ Clock Placement/ Build Placer Device
Phase 1.2 IO Placement/ Clock Placement/ Build Placer Device | Checksum: 15d578020

Time (s): cpu = 00:00:00.11 ; elapsed = 00:00:00.03 . Memory (MB): peak = 3083.773 ; gain = 0.000 ; free physical = 4440 ; free virtual = 11152

Phase 1.3 Build Placer Netlist Model
Phase 1.3 Build Placer Netlist Model | Checksum: 194487932

Time (s): cpu = 00:00:00.12 ; elapsed = 00:00:00.04 . Memory (MB): peak = 3083.773 ; gain = 0.000 ; free physical = 4440 ; free virtual = 11152

Phase 1.4 Constrain Clocks/Macros
Phase 1.4 Constrain Clocks/Macros | Checksum: 194487932

Time (s): cpu = 00:00:00.12 ; elapsed = 00:00:00.04 . Memory (MB): peak = 3083.773 ; gain = 0.000 ; free physical = 4440 ; free virtual = 11152
Phase 1 Placer Initialization | Checksum: 194487932

Time (s): cpu = 00:00:00.12 ; elapsed = 00:00:00.04 . Memory (MB): peak = 3083.773 ; gain = 0.000 ; free physical = 4440 ; free virtual = 11152

Phase 2 Global Placement

Phase 2.1 Floorplanning
Phase 2.1 Floorplanning | Checksum: 194487932

Time (s): cpu = 00:00:00.12 ; elapsed = 00:00:00.04 . Memory (MB): peak = 3083.773 ; gain = 0.000 ; free physical = 4440 ; free virtual = 11152

Phase 2.2 Update Timing before SLR Path Opt
Phase 2.2 Update Timing before SLR Path Opt | Checksum: 194487932

Time (s): cpu = 00:00:00.12 ; elapsed = 00:00:00.04 . Memory (MB): peak = 3083.773 ; gain = 0.000 ; free physical = 4440 ; free virtual = 11152

Phase 2.3 Global Placement Core
WARNING: [Place 46-29] place_design is not in timing mode. Skip physical synthesis in placer
Phase 2.3 Global Placement Core | Checksum: 21931326f

Time (s): cpu = 00:00:00.44 ; elapsed = 00:00:00.09 . Memory (MB): peak = 3083.773 ; gain = 0.000 ; free physical = 4450 ; free virtual = 11163
Phase 2 Global Placement | Checksum: 21931326f

Time (s): cpu = 00:00:00.44 ; elapsed = 00:00:00.09 . Memory (MB): peak = 3083.773 ; gain = 0.000 ; free physical = 4450 ; free virtual = 11163

Phase 3 Detail Placement

Phase 3.1 Commit Multi Column Macros
Phase 3.1 Commit Multi Column Macros | Checksum: 21931326f

Time (s): cpu = 00:00:00.45 ; elapsed = 00:00:00.09 . Memory (MB): peak = 3083.773 ; gain = 0.000 ; free physical = 4450 ; free virtual = 11163

Phase 3.2 Commit Most Macros & LUTRAMs
Phase 3.2 Commit Most Macros & LUTRAMs | Checksum: 17644cd26

Time (s): cpu = 00:00:00.46 ; elapsed = 00:00:00.09 . Memory (MB): peak = 3083.773 ; gain = 0.000 ; free physical = 4450 ; free virtual = 11163

Phase 3.3 Area Swap Optimization
Phase 3.3 Area Swap Optimization | Checksum: 1be6072dd

Time (s): cpu = 00:00:00.47 ; elapsed = 00:00:00.10 . Memory (MB): peak = 3083.773 ; gain = 0.000 ; free physical = 4458 ; free virtual = 11170

Phase 3.4 Pipeline Register Optimization
Phase 3.4 Pipeline Register Optimization | Checksum: 1be6072dd

Time (s): cpu = 00:00:00.47 ; elapsed = 00:00:00.10 . Memory (MB): peak = 3083.773 ; gain = 0.000 ; free physical = 4458 ; free virtual = 11170

Phase 3.5 Small Shape Detail Placement
Phase 3.5 Small Shape Detail Placement | Checksum: 17ea317cc

Time (s): cpu = 00:00:00.60 ; elapsed = 00:00:00.14 . Memory (MB): peak = 3083.773 ; gain = 0.000 ; free physical = 4459 ; free virtual = 11171

Phase 3.6 Re-assign LUT pins
Phase 3.6 Re-assign LUT pins | Checksum: 17ea317cc

Time (s): cpu = 00:00:00.60 ; elapsed = 00:00:00.14 . Memory (MB): peak = 3083.773 ; gain = 0.000 ; free physical = 4459 ; free virtual = 11171

Phase 3.7 Pipeline Register Optimization
Phase 3.7 Pipeline Register Optimization | Checksum: 17ea317cc

Time (s): cpu = 00:00:00.60 ; elapsed = 00:00:00.14 . Memory (MB): peak = 3083.773 ; gain = 0.000 ; free physical = 4459 ; free virtual = 11171
Phase 3 Detail Placement | Checksum: 17ea317cc

Time (s): cpu = 00:00:00.61 ; elapsed = 00:00:00.14 . Memory (MB): peak = 3083.773 ; gain = 0.000 ; free physical = 4459 ; free virtual = 11171

Phase 4 Post Placement Optimization and Clean-Up

Phase 4.1 Post Commit Optimization
Phase 4.1 Post Commit Optimization | Checksum: 17ea317cc

Time (s): cpu = 00:00:00.62 ; elapsed = 00:00:00.15 . Memory (MB): peak = 3083.773 ; gain = 0.000 ; free physical = 4459 ; free virtual = 11171

Phase 4.2 Post Placement Cleanup
Phase 4.2 Post Placement Cleanup | Checksum: 17ea317cc

Time (s): cpu = 00:00:00.63 ; elapsed = 00:00:00.15 . Memory (MB): peak = 3083.773 ; gain = 0.000 ; free physical = 4459 ; free virtual = 11171

Phase 4.3 Placer Reporting

Phase 4.3.1 Print Estimated Congestion
INFO: [Place 30-612] Post-Placement Estimated Congestion 
 ____________________________________________________
|           | Global Congestion | Short Congestion  |
| Direction | Region Size       | Region Size       |
|___________|___________________|___________________|
|      North|                1x1|                1x1|
|___________|___________________|___________________|
|      South|                1x1|                1x1|
|___________|___________________|___________________|
|       East|                1x1|                1x1|
|___________|___________________|___________________|
|       West|                1x1|                1x1|
|___________|___________________|___________________|

Phase 4.3.1 Print Estimated Congestion | Checksum: 17ea317cc

Time (s): cpu = 00:00:00.63 ; elapsed = 00:00:00.15 . Memory (MB): peak = 3083.773 ; gain = 0.000 ; free physical = 4459 ; free virtual = 11171
Phase 4.3 Placer Reporting | Checksum: 17ea317cc

Time (s): cpu = 00:00:00.63 ; elapsed = 00:00:00.15 . Memory (MB): peak = 3083.773 ; gain = 0.000 ; free physical = 4459 ; free virtual = 11171

Phase 4.4 Final Placement Cleanup
Netlist sorting complete. Time (s): cpu = 00:00:00 ; elapsed = 00:00:00 . Memory (MB): peak = 3083.773 ; gain = 0.000 ; free physical = 4459 ; free virtual = 11171

Time (s): cpu = 00:00:00.63 ; elapsed = 00:00:00.15 . Memory (MB): peak = 3083.773 ; gain = 0.000 ; free physical = 4459 ; free virtual = 11171
Phase 4 Post Placement Optimization and Clean-Up | Checksum: 17ea317cc

Time (s): cpu = 00:00:00.64 ; elapsed = 00:00:00.15 . Memory (MB): peak = 3083.773 ; gain = 0.000 ; free physical = 4459 ; free virtual = 11171
Ending Placer Task | Checksum: 10fd3fe18

Time (s): cpu = 00:00:00.64 ; elapsed = 00:00:00.15 . Memory (MB): peak = 3083.773 ; gain = 0.000 ; free physical = 4459 ; free virtual = 11171
INFO: [Common 17-83] Releasing license: Implementation
41 Infos, 26 Warnings, 25 Critical Warnings and 0 Errors encountered.
place_design completed successfully
INFO: [Timing 38-480] Writing timing data to binary archive.
Writing placer database...
Writing XDEF routing.
Writing XDEF routing logical nets.
Writing XDEF routing special nets.
Write XDEF Complete: Time (s): cpu = 00:00:00.03 ; elapsed = 00:00:00.06 . Memory (MB): peak = 3083.773 ; gain = 0.000 ; free physical = 4469 ; free virtual = 11182
INFO: [Common 17-1381] The checkpoint '/nfs/nfs2/home/mawlorch/demultiplexer/demultiplexer.runs/impl_1/top_placed.dcp' has been generated.
INFO: [runtcl-4] Executing : report_io -file top_io_placed.rpt
report_io: Time (s): cpu = 00:00:00.04 ; elapsed = 00:00:00.11 . Memory (MB): peak = 3083.773 ; gain = 0.000 ; free physical = 4453 ; free virtual = 11165
INFO: [runtcl-4] Executing : report_utilization -file top_utilization_placed.rpt -pb top_utilization_placed.pb
INFO: [runtcl-4] Executing : report_control_sets -verbose -file top_control_sets_placed.rpt
report_control_sets: Time (s): cpu = 00:00:00.02 ; elapsed = 00:00:00.10 . Memory (MB): peak = 3083.773 ; gain = 0.000 ; free physical = 4418 ; free virtual = 11131
Command: phys_opt_design
Attempting to get a license for feature 'Implementation' and/or device 'xc7a35ti'
INFO: [Common 17-349] Got license for feature 'Implementation' and/or device 'xc7a35ti'
INFO: [Vivado_Tcl 4-235] No timing constraint found. The netlist was not modified.
INFO: [Common 17-83] Releasing license: Implementation
49 Infos, 26 Warnings, 25 Critical Warnings and 0 Errors encountered.
phys_opt_design completed successfully
INFO: [Timing 38-480] Writing timing data to binary archive.
Writing placer database...
Writing XDEF routing.
Writing XDEF routing logical nets.
Writing XDEF routing special nets.
Write XDEF Complete: Time (s): cpu = 00:00:00.03 ; elapsed = 00:00:00.06 . Memory (MB): peak = 3083.773 ; gain = 0.000 ; free physical = 4408 ; free virtual = 11122
INFO: [Common 17-1381] The checkpoint '/nfs/nfs2/home/mawlorch/demultiplexer/demultiplexer.runs/impl_1/top_physopt.dcp' has been generated.
Command: route_design
Attempting to get a license for feature 'Implementation' and/or device 'xc7a35ti'
INFO: [Common 17-349] Got license for feature 'Implementation' and/or device 'xc7a35ti'
Running DRC as a precondition to command route_design
INFO: [DRC 23-27] Running DRC with 8 threads
INFO: [Vivado_Tcl 4-198] DRC finished with 0 Errors
INFO: [Vivado_Tcl 4-199] Please refer to the DRC report (report_drc) for more information.


Starting Routing Task
INFO: [Route 35-254] Multithreading enabled for route_design using a maximum of 8 CPUs
Checksum: PlaceDB: a19a516e ConstDB: 0 ShapeSum: 6e39acaa RouteDB: 0

Phase 1 Build RT Design
Phase 1 Build RT Design | Checksum: 6e650263

Time (s): cpu = 00:00:05 ; elapsed = 00:00:04 . Memory (MB): peak = 3083.773 ; gain = 0.000 ; free physical = 4345 ; free virtual = 11057
Post Restoration Checksum: NetGraph: 52f6a6d6 NumContArr: 1b6e5b8d Constraints: 0 Timing: 0

Phase 2 Router Initialization
INFO: [Route 35-64] No timing constraints were detected. The router will operate in resource-optimization mode.

Phase 2.1 Fix Topology Constraints
Phase 2.1 Fix Topology Constraints | Checksum: 6e650263

Time (s): cpu = 00:00:05 ; elapsed = 00:00:04 . Memory (MB): peak = 3083.773 ; gain = 0.000 ; free physical = 4314 ; free virtual = 11026

Phase 2.2 Pre Route Cleanup
Phase 2.2 Pre Route Cleanup | Checksum: 6e650263

Time (s): cpu = 00:00:05 ; elapsed = 00:00:04 . Memory (MB): peak = 3083.773 ; gain = 0.000 ; free physical = 4314 ; free virtual = 11026
 Number of Nodes with overlaps = 0
Phase 2 Router Initialization | Checksum: e78ffa53

Time (s): cpu = 00:00:05 ; elapsed = 00:00:04 . Memory (MB): peak = 3083.773 ; gain = 0.000 ; free physical = 4306 ; free virtual = 11018

Router Utilization Summary
  Global Vertical Routing Utilization    = 0 %
  Global Horizontal Routing Utilization  = 0 %
  Routable Net Status*
  *Does not include unroutable nets such as driverless and loadless.
  Run report_route_status for detailed report.
  Number of Failed Nets               = 12
    (Failed Nets is the sum of unrouted and partially routed nets)
  Number of Unrouted Nets             = 12
  Number of Partially Routed Nets     = 0
  Number of Node Overlaps             = 0


Phase 3 Initial Routing

Phase 3.1 Global Routing
Phase 3.1 Global Routing | Checksum: e78ffa53

Time (s): cpu = 00:00:05 ; elapsed = 00:00:04 . Memory (MB): peak = 3083.773 ; gain = 0.000 ; free physical = 4307 ; free virtual = 11020
Phase 3 Initial Routing | Checksum: b270967c

Time (s): cpu = 00:00:05 ; elapsed = 00:00:04 . Memory (MB): peak = 3083.773 ; gain = 0.000 ; free physical = 4306 ; free virtual = 11019

Phase 4 Rip-up And Reroute

Phase 4.1 Global Iteration 0
 Number of Nodes with overlaps = 0
Phase 4.1 Global Iteration 0 | Checksum: 16a08609f

Time (s): cpu = 00:00:05 ; elapsed = 00:00:04 . Memory (MB): peak = 3083.773 ; gain = 0.000 ; free physical = 4306 ; free virtual = 11019
Phase 4 Rip-up And Reroute | Checksum: 16a08609f

Time (s): cpu = 00:00:05 ; elapsed = 00:00:04 . Memory (MB): peak = 3083.773 ; gain = 0.000 ; free physical = 4306 ; free virtual = 11019

Phase 5 Delay and Skew Optimization
Phase 5 Delay and Skew Optimization | Checksum: 16a08609f

Time (s): cpu = 00:00:05 ; elapsed = 00:00:04 . Memory (MB): peak = 3083.773 ; gain = 0.000 ; free physical = 4306 ; free virtual = 11019

Phase 6 Post Hold Fix

Phase 6.1 Hold Fix Iter
Phase 6.1 Hold Fix Iter | Checksum: 16a08609f

Time (s): cpu = 00:00:05 ; elapsed = 00:00:04 . Memory (MB): peak = 3083.773 ; gain = 0.000 ; free physical = 4306 ; free virtual = 11019
Phase 6 Post Hold Fix | Checksum: 16a08609f

Time (s): cpu = 00:00:05 ; elapsed = 00:00:04 . Memory (MB): peak = 3083.773 ; gain = 0.000 ; free physical = 4306 ; free virtual = 11019

Phase 7 Route finalize

Router Utilization Summary
  Global Vertical Routing Utilization    = 0.00916846 %
  Global Horizontal Routing Utilization  = 0.00377408 %
  Routable Net Status*
  *Does not include unroutable nets such as driverless and loadless.
  Run report_route_status for detailed report.
  Number of Failed Nets               = 0
    (Failed Nets is the sum of unrouted and partially routed nets)
  Number of Unrouted Nets             = 0
  Number of Partially Routed Nets     = 0
  Number of Node Overlaps             = 0

Congestion Report
North Dir 1x1 Area, Max Cong = 18.018%, No Congested Regions.
South Dir 1x1 Area, Max Cong = 18.018%, No Congested Regions.
East Dir 1x1 Area, Max Cong = 4.41176%, No Congested Regions.
West Dir 1x1 Area, Max Cong = 8.82353%, No Congested Regions.

------------------------------
Reporting congestion hotspots
------------------------------
Direction: North
----------------
Congested clusters found at Level 0
Effective congestion level: 0 Aspect Ratio: 1 Sparse Ratio: 0
Direction: South
----------------
Congested clusters found at Level 0
Effective congestion level: 0 Aspect Ratio: 1 Sparse Ratio: 0
Direction: East
----------------
Congested clusters found at Level 0
Effective congestion level: 0 Aspect Ratio: 1 Sparse Ratio: 0
Direction: West
----------------
Congested clusters found at Level 0
Effective congestion level: 0 Aspect Ratio: 1 Sparse Ratio: 0

Phase 7 Route finalize | Checksum: 16a08609f

Time (s): cpu = 00:00:05 ; elapsed = 00:00:04 . Memory (MB): peak = 3083.773 ; gain = 0.000 ; free physical = 4306 ; free virtual = 11019

Phase 8 Verifying routed nets

 Verification completed successfully
Phase 8 Verifying routed nets | Checksum: 16a08609f

Time (s): cpu = 00:00:05 ; elapsed = 00:00:04 . Memory (MB): peak = 3083.773 ; gain = 0.000 ; free physical = 4306 ; free virtual = 11019

Phase 9 Depositing Routes
Phase 9 Depositing Routes | Checksum: 16a08609f

Time (s): cpu = 00:00:05 ; elapsed = 00:00:04 . Memory (MB): peak = 3100.695 ; gain = 16.922 ; free physical = 4306 ; free virtual = 11019
INFO: [Route 35-16] Router Completed Successfully

Time (s): cpu = 00:00:05 ; elapsed = 00:00:04 . Memory (MB): peak = 3100.695 ; gain = 16.922 ; free physical = 4338 ; free virtual = 11050

Routing Is Done.
INFO: [Common 17-83] Releasing license: Implementation
59 Infos, 26 Warnings, 25 Critical Warnings and 0 Errors encountered.
route_design completed successfully
INFO: [Timing 38-480] Writing timing data to binary archive.
Writing placer database...
Writing XDEF routing.
Writing XDEF routing logical nets.
Writing XDEF routing special nets.
Write XDEF Complete: Time (s): cpu = 00:00:00.01 ; elapsed = 00:00:00.05 . Memory (MB): peak = 3100.695 ; gain = 0.000 ; free physical = 4338 ; free virtual = 11051
INFO: [Common 17-1381] The checkpoint '/nfs/nfs2/home/mawlorch/demultiplexer/demultiplexer.runs/impl_1/top_routed.dcp' has been generated.
INFO: [runtcl-4] Executing : report_drc -file top_drc_routed.rpt -pb top_drc_routed.pb -rpx top_drc_routed.rpx
Command: report_drc -file top_drc_routed.rpt -pb top_drc_routed.pb -rpx top_drc_routed.rpx
INFO: [IP_Flow 19-1839] IP Catalog is up to date.
INFO: [DRC 23-27] Running DRC with 8 threads
INFO: [Coretcl 2-168] The results of DRC are in file /nfs/nfs2/home/mawlorch/demultiplexer/demultiplexer.runs/impl_1/top_drc_routed.rpt.
report_drc completed successfully
INFO: [runtcl-4] Executing : report_methodology -file top_methodology_drc_routed.rpt -pb top_methodology_drc_routed.pb -rpx top_methodology_drc_routed.rpx
Command: report_methodology -file top_methodology_drc_routed.rpt -pb top_methodology_drc_routed.pb -rpx top_methodology_drc_routed.rpx
INFO: [Timing 38-35] Done setting XDC timing constraints.
INFO: [DRC 23-133] Running Methodology with 8 threads
INFO: [Coretcl 2-1520] The results of Report Methodology are in file /nfs/nfs2/home/mawlorch/demultiplexer/demultiplexer.runs/impl_1/top_methodology_drc_routed.rpt.
report_methodology completed successfully
INFO: [runtcl-4] Executing : report_power -file top_power_routed.rpt -pb top_power_summary_routed.pb -rpx top_power_routed.rpx
Command: report_power -file top_power_routed.rpt -pb top_power_summary_routed.pb -rpx top_power_routed.rpx
INFO: [Timing 38-35] Done setting XDC timing constraints.
WARNING: [Power 33-232] No user defined clocks were found in the design! Power estimation will be inaccurate until this is corrected.
Resolution: Please specify clocks using create_clock/create_generated_clock for sequential elements. For pure combinatorial circuits, please specify a virtual clock, otherwise the vectorless estimation might be inaccurate
Running Vector-less Activity Propagation...

Finished Running Vector-less Activity Propagation
71 Infos, 27 Warnings, 25 Critical Warnings and 0 Errors encountered.
report_power completed successfully
INFO: [runtcl-4] Executing : report_route_status -file top_route_status.rpt -pb top_route_status.pb
INFO: [runtcl-4] Executing : report_timing_summary -max_paths 10 -file top_timing_summary_routed.rpt -pb top_timing_summary_routed.pb -rpx top_timing_summary_routed.rpx -warn_on_violation 
INFO: [Timing 38-91] UpdateTimingParams: Speed grade: -1L, Delay Type: min_max.
INFO: [Timing 38-191] Multithreading enabled for timing update using a maximum of 8 CPUs
WARNING: [Timing 38-313] There are no user specified timing constraints. Timing constraints are needed for proper timing analysis.
INFO: [runtcl-4] Executing : report_incremental_reuse -file top_incremental_reuse_routed.rpt
INFO: [Vivado_Tcl 4-1062] Incremental flow is disabled. No incremental reuse Info to report.
INFO: [runtcl-4] Executing : report_clock_utilization -file top_clock_utilization_routed.rpt
INFO: [runtcl-4] Executing : report_bus_skew -warn_on_violation -file top_bus_skew_routed.rpt -pb top_bus_skew_routed.pb -rpx top_bus_skew_routed.rpx
INFO: [Timing 38-91] UpdateTimingParams: Speed grade: -1L, Delay Type: min_max.
INFO: [Timing 38-191] Multithreading enabled for timing update using a maximum of 8 CPUs
INFO: [Common 17-206] Exiting Vivado at Tue Mar  3 12:25:07 2026...

*** Running vivado
    with args -log top.vdi -applog -m64 -product Vivado -messageDb vivado.pb -mode batch -source top.tcl -notrace


****** Vivado v2020.2 (64-bit)
  **** SW Build 3064766 on Wed Nov 18 09:12:47 MST 2020
  **** IP Build 3064653 on Wed Nov 18 14:17:31 MST 2020
    ** Copyright 1986-2020 Xilinx, Inc. All Rights Reserved.

source top.tcl -notrace
Command: open_checkpoint top_routed.dcp

Starting open_checkpoint Task

Time (s): cpu = 00:00:00.02 ; elapsed = 00:00:00.04 . Memory (MB): peak = 2348.844 ; gain = 0.000 ; free physical = 5488 ; free virtual = 12201
INFO: [Device 21-403] Loading part xc7a35ticpg236-1L
Netlist sorting complete. Time (s): cpu = 00:00:00 ; elapsed = 00:00:00 . Memory (MB): peak = 2348.844 ; gain = 0.000 ; free physical = 5150 ; free virtual = 11863
INFO: [Project 1-479] Netlist was created with Vivado 2020.2
INFO: [Project 1-570] Preparing netlist for logic optimization
INFO: [Timing 38-478] Restoring timing data from binary archive.
INFO: [Timing 38-479] Binary timing data restore complete.
INFO: [Project 1-856] Restoring constraints from binary archive.
INFO: [Project 1-853] Binary constraint restore complete.
Reading XDEF placement.
Reading placer database...
Reading XDEF routing.
Read XDEF File: Time (s): cpu = 00:00:00.04 ; elapsed = 00:00:00.06 . Memory (MB): peak = 2639.836 ; gain = 19.812 ; free physical = 4638 ; free virtual = 11350
Restored from archive | CPU: 0.050000 secs | Memory: 1.177406 MB |
Finished XDEF File Restore: Time (s): cpu = 00:00:00.04 ; elapsed = 00:00:00.06 . Memory (MB): peak = 2639.836 ; gain = 19.812 ; free physical = 4638 ; free virtual = 11350
Netlist sorting complete. Time (s): cpu = 00:00:00 ; elapsed = 00:00:00 . Memory (MB): peak = 2639.836 ; gain = 0.000 ; free physical = 4637 ; free virtual = 11350
INFO: [Project 1-111] Unisim Transformation Summary:
No Unisim elements were transformed.

INFO: [Project 1-604] Checkpoint was created with Vivado v2020.2 (64-bit) build 3064766
open_checkpoint: Time (s): cpu = 00:00:05 ; elapsed = 00:00:08 . Memory (MB): peak = 2639.836 ; gain = 290.992 ; free physical = 4637 ; free virtual = 11350
Command: write_bitstream -force top.bit
Attempting to get a license for feature 'Implementation' and/or device 'xc7a35ti'
INFO: [Common 17-349] Got license for feature 'Implementation' and/or device 'xc7a35ti'
Running DRC as a precondition to command write_bitstream
INFO: [IP_Flow 19-234] Refreshing IP repositories
INFO: [IP_Flow 19-1704] No user IP repositories specified
INFO: [IP_Flow 19-2313] Loaded Vivado IP repository '/l/Xilinx_Vivado_SDK_Web_2020.2_1118_1232/Vivado/2020.2/data/ip'.
INFO: [DRC 23-27] Running DRC with 8 threads
WARNING: [DRC CFGBVS-1] Missing CFGBVS and CONFIG_VOLTAGE Design Properties: Neither the CFGBVS nor CONFIG_VOLTAGE voltage property is set in the current_design.  Configuration bank voltage select (CFGBVS) must be set to VCCO or GND, and CONFIG_VOLTAGE must be set to the correct configuration voltage, in order to determine the I/O voltage support for the pins in bank 0.  It is suggested to specify these either using the 'Edit Device Properties' function in the GUI or directly in the XDC file using the following syntax:

 set_property CFGBVS value1 [current_design]
 #where value1 is either VCCO or GND

 set_property CONFIG_VOLTAGE value2 [current_design]
 #where value2 is the voltage provided to configuration bank 0

Refer to the device configuration user guide for more information.
INFO: [Vivado 12-3199] DRC finished with 0 Errors, 1 Warnings
INFO: [Vivado 12-3200] Please refer to the DRC report (report_drc) for more information.
INFO: [Designutils 20-2272] Running write_bitstream with 8 threads.
Loading data files...
Loading site data...
Loading route data...
Processing options...
Creating bitmap...
Creating bitstream...
Writing bitstream ./top.bit...
INFO: [Vivado 12-1842] Bitgen Completed Successfully.
INFO: [Project 1-118] WebTalk data collection is enabled (User setting is ON. Install Setting is ON.).
INFO: [Common 17-83] Releasing license: Implementation
20 Infos, 1 Warnings, 0 Critical Warnings and 0 Errors encountered.
write_bitstream completed successfully
write_bitstream: Time (s): cpu = 00:00:04 ; elapsed = 00:00:08 . Memory (MB): peak = 3097.508 ; gain = 457.672 ; free physical = 4448 ; free virtual = 11161
INFO: [Common 17-206] Exiting Vivado at Tue Mar  3 12:25:39 2026...
